********************************************************************************
DUPLICATOR-LITE PACKAGE-LOG: 12 February 2018 14 h 48 min
NOTICE: Do NOT post to public sites or forums 
********************************************************************************
VERSION:	1.2.32
WORDPRESS:	4.9.3
PHP INFO:	7.1.8 | SAPI: apache2handler
SERVER:		Apache/2.2.32 (Unix) mod_wsgi/3.5 Python/2.7.13 PHP/7.1.8 mod_ssl/2.2.32 OpenSSL/1.0.2j DAV/2 mod_fastcgi/2.4.6 mod_perl/2.0.9 Perl/v5.24.0 
PHP TIME LIMIT: (0) no time limit imposed 
PHP MAX MEMORY: 2048M (128M default) 
MEMORY STACK: 18MB 

********************************************************************************
DATABASE:
********************************************************************************
BUILD MODE:   MYSQLDUMP
MYSQLTIMEOUT: 5000
MYSQLDUMP:    Is Supported 
FILTERED: [] 
RESPONSE: mysqldump: [Warning] Using a password on the command line interface can be insecure.
mysqldump: Got error: 2002: Can't connect to local MySQL server through socket '/tmp/mysql.sock' (2) when trying to connect
 
TABLES: total:13 | filtered:0 | create:13 
SQL CREATED: 20180212_juliecervera_daadb8b82bd6bdfd9882180212144603_database.sql 
SQL FILE SIZE: 90B (90) 

==================================================================================
DUPLICATOR ERROR
Please try again! If the error persists see the Duplicator 'Help' menu.
---------------------------------------------------------------------------------
MESSAGE:
	SQL file size too low.
DETAILS:
	File does not look complete.  Check permission on file and parent directory at [/Applications/MAMP/htdocs/wordpress/wp-snapshots/tmp/20180212_juliecervera_daadb8b82bd6bdfd9882180212144603_database.sql]
TRACE:
	 1. class.pack.database.php : Error (94)
	 2. class.pack.php : build (232)
	 3. ctrl.package.php : runBuild (61)
	 4. class-wp-hook.php : duplicator_package_build (286)
	 5. class-wp-hook.php : apply_filters (310)
	 6. plugin.php : do_action (453)
	 7. admin-ajax.php : do_action (97)
==================================================================================

